<!DOCTYPE html PUBLIC "-//W3C//DTD XHTML 1.1//EN" "http://www.w3.org/TR/xhtml11/DTD/xhtml11.dtd">
<html xmlns="http://www.w3.org/1999/xhtml">
<head>
<meta http-equiv="content-type" content="text/html; charset=UTF-8"/>
<title>TestNG Report</title>
<style type="text/css">table {margin-bottom:10px;border-collapse:collapse;empty-cells:show}th,td {border:1px solid #009;padding:.25em .5em}th {vertical-align:bottom}td {vertical-align:top}table a {font-weight:bold}.stripe td {background-color: #E6EBF9}.num {text-align:right}.passedodd td {background-color: #3F3}.passedeven td {background-color: #0A0}.skippedodd td {background-color: #DDD}.skippedeven td {background-color: #CCC}.failedodd td,.attn {background-color: #F33}.failedeven td,.stripe .attn {background-color: #D00}.stacktrace {white-space:pre;font-family:monospace}.totop {font-size:85%;text-align:center;border-bottom:2px solid #000}.invisible {display:none}</style>
</head>
<body>
<table>
<tr><th>Test</th><th># Passed</th><th># Skipped</th><th># Failed</th><th>Time (ms)</th><th>Included Groups</th><th>Excluded Groups</th></tr>
<tr><th colspan="7">Suite</th></tr>
<tr><td><a href="#t0">Test</a></td><td class="num">2</td><td class="num">0</td><td class="num">0</td><td class="num">67,240</td><td></td><td></td></tr>
<tr class="stripe"><td><a href="#t1">Test1</a></td><td class="num">2</td><td class="num">0</td><td class="num">0</td><td class="num">30,924</td><td></td><td></td></tr>
<tr><td><a href="#t2">Test2</a></td><td class="num">2</td><td class="num">0</td><td class="num">0</td><td class="num">30,824</td><td></td><td></td></tr>
<tr class="stripe"><td><a href="#t3">Test3</a></td><td class="num">2</td><td class="num">0</td><td class="num">0</td><td class="num">51,619</td><td></td><td></td></tr>
<tr><td><a href="#t4">Test4</a></td><td class="num">0</td><td class="num">0</td><td class="num attn">2</td><td class="num">20,186</td><td></td><td></td></tr>
<tr class="stripe"><td><a href="#t5">Test5</a></td><td class="num">2</td><td class="num">0</td><td class="num">0</td><td class="num">24,765</td><td></td><td></td></tr>
<tr><td><a href="#t6">Test6</a></td><td class="num">2</td><td class="num">0</td><td class="num">0</td><td class="num">27,448</td><td></td><td></td></tr>
<tr class="stripe"><td><a href="#t7">Test7</a></td><td class="num">2</td><td class="num">0</td><td class="num">0</td><td class="num">28,208</td><td></td><td></td></tr>
<tr><td><a href="#t8">Test8</a></td><td class="num">0</td><td class="num">0</td><td class="num attn">2</td><td class="num">20,076</td><td></td><td></td></tr>
<tr><th>Total</th><th class="num">14</th><th class="num">0</th><th class="num attn">4</th><th class="num">301,290</th><th colspan="2"></th></tr>
</table>
<table id='summary'><thead><tr><th>Class</th><th>Method</th><th>Start</th><th>Time (ms)</th></tr></thead><tbody><tr><th colspan="4">Suite</th></tr></tbody><tbody id="t0"><tr><th colspan="4">Test &#8212; passed</th></tr><tr class="passedeven"><td rowspan="2">theInternetTestNG.CheckboxesTestNG</td><td><a href="#m0">Navigate</a></td><td rowspan="1">1513026678458</td><td rowspan="1">46276</td></tr><tr class="passedeven"><td><a href="#m1">test</a></td><td rowspan="1">1513026724843</td><td rowspan="1">20750</td></tr></tbody>
<tbody id="t1"><tr><th colspan="4">Test1 &#8212; passed</th></tr><tr class="passedeven"><td rowspan="2">theInternetTestNG.ForgotPasswordTestNG</td><td><a href="#m2">Navigate</a></td><td rowspan="1">1513026746585</td><td rowspan="1">13887</td></tr><tr class="passedeven"><td><a href="#m3">test</a></td><td rowspan="1">1513026760472</td><td rowspan="1">17037</td></tr></tbody>
<tbody id="t2"><tr><th colspan="4">Test2 &#8212; passed</th></tr><tr class="passedeven"><td rowspan="2">theInternetTestNG.DynamicLoadingTestNG</td><td><a href="#m4">Navigate</a></td><td rowspan="1">1513026777561</td><td rowspan="1">14752</td></tr><tr class="passedeven"><td><a href="#m5">test</a></td><td rowspan="1">1513026792314</td><td rowspan="1">16055</td></tr></tbody>
<tbody id="t3"><tr><th colspan="4">Test3 &#8212; passed</th></tr><tr class="passedeven"><td rowspan="2">theInternetTestNG.FramesTestNG</td><td><a href="#m6">Navigate</a></td><td rowspan="1">1513026808558</td><td rowspan="1">20491</td></tr><tr class="passedeven"><td><a href="#m7">test</a></td><td rowspan="1">1513026829049</td><td rowspan="1">31128</td></tr></tbody>
<tbody id="t4"><tr><th colspan="4">Test4 &#8212; failed</th></tr><tr class="failedeven"><td rowspan="2">theInternetTestNG.JavaScriptAlertTestNG</td><td><a href="#m8">Navigate</a></td><td rowspan="1">1513026863044</td><td rowspan="1">20033</td></tr><tr class="failedeven"><td><a href="#m9">test</a></td><td rowspan="1">1513026883230</td><td rowspan="1">0</td></tr></tbody>
<tbody id="t5"><tr><th colspan="4">Test5 &#8212; passed</th></tr><tr class="passedeven"><td rowspan="2">theInternetTestNG.HoversTestNG</td><td><a href="#m10">Navigate</a></td><td rowspan="1">1513026883961</td><td rowspan="1">21966</td></tr><tr class="passedeven"><td><a href="#m11">test</a></td><td rowspan="1">1513026905928</td><td rowspan="1">2797</td></tr></tbody>
<tbody id="t6"><tr><th colspan="4">Test6 &#8212; passed</th></tr><tr class="passedeven"><td rowspan="2">theInternetTestNG.DropDownTestNG</td><td><a href="#m12">Navigate</a></td><td rowspan="1">1513026908978</td><td rowspan="1">22281</td></tr><tr class="passedeven"><td><a href="#m13">test</a></td><td rowspan="1">1513026931260</td><td rowspan="1">5166</td></tr></tbody>
<tbody id="t7"><tr><th colspan="4">Test7 &#8212; passed</th></tr><tr class="passedeven"><td rowspan="2">theInternetTestNG.DynamicControlTestNG</td><td><a href="#m14">Navigate</a></td><td rowspan="1">1513026936478</td><td rowspan="1">22321</td></tr><tr class="passedeven"><td><a href="#m15">test</a></td><td rowspan="1">1513026958799</td><td rowspan="1">5886</td></tr></tbody>
<tbody id="t8"><tr><th colspan="4">Test8 &#8212; failed</th></tr><tr class="failedeven"><td rowspan="2">theInternetTestNG.BasicAuthTestNG</td><td><a href="#m16">Navigate</a></td><td rowspan="1">1513026965978</td><td rowspan="1">20075</td></tr><tr class="failedeven"><td><a href="#m17">test</a></td><td rowspan="1">1513026986053</td><td rowspan="1">0</td></tr></tbody>
</table>
<h2>Test</h2><h3 id="m0">theInternetTestNG.CheckboxesTestNG#Navigate</h3><table class="result"><tr><th class="invisible"/></tr></table><p class="totop"><a href="#summary">back to summary</a></p>
<h3 id="m1">theInternetTestNG.CheckboxesTestNG#test</h3><table class="result"><tr><th class="invisible"/></tr></table><p class="totop"><a href="#summary">back to summary</a></p>
<h2>Test1</h2><h3 id="m2">theInternetTestNG.ForgotPasswordTestNG#Navigate</h3><table class="result"><tr><th class="invisible"/></tr></table><p class="totop"><a href="#summary">back to summary</a></p>
<h3 id="m3">theInternetTestNG.ForgotPasswordTestNG#test</h3><table class="result"><tr><th class="invisible"/></tr></table><p class="totop"><a href="#summary">back to summary</a></p>
<h2>Test2</h2><h3 id="m4">theInternetTestNG.DynamicLoadingTestNG#Navigate</h3><table class="result"><tr><th class="invisible"/></tr></table><p class="totop"><a href="#summary">back to summary</a></p>
<h3 id="m5">theInternetTestNG.DynamicLoadingTestNG#test</h3><table class="result"><tr><th class="invisible"/></tr></table><p class="totop"><a href="#summary">back to summary</a></p>
<h2>Test3</h2><h3 id="m6">theInternetTestNG.FramesTestNG#Navigate</h3><table class="result"><tr><th class="invisible"/></tr></table><p class="totop"><a href="#summary">back to summary</a></p>
<h3 id="m7">theInternetTestNG.FramesTestNG#test</h3><table class="result"><tr><th class="invisible"/></tr></table><p class="totop"><a href="#summary">back to summary</a></p>
<h2>Test4</h2><h3 id="m8">theInternetTestNG.JavaScriptAlertTestNG#Navigate</h3><table class="result"><tr><th>Exception</th></tr><tr><td><div class="stacktrace">org.openqa.selenium.WebDriverException: Timed out waiting for driver server to start.
Build info: version: &apos;3.8.1&apos;, revision: &apos;6e95a6684b&apos;, time: &apos;2017-12-01T18:33:54.468Z&apos;
System info: host: &apos;GSWD-WIGBAL&apos;, ip: &apos;10.238.242.140&apos;, os.name: &apos;Windows 10&apos;, os.arch: &apos;amd64&apos;, os.version: &apos;10.0&apos;, java.version: &apos;1.8.0_151&apos;
Driver info: driver.version: ChromeDriver
	at org.openqa.selenium.remote.service.DriverService.waitUntilAvailable(DriverService.java:192)
	at org.openqa.selenium.remote.service.DriverService.start(DriverService.java:178)
	at org.openqa.selenium.remote.service.DriverCommandExecutor.execute(DriverCommandExecutor.java:79)
	at org.openqa.selenium.remote.RemoteWebDriver.execute(RemoteWebDriver.java:601)
	at org.openqa.selenium.remote.RemoteWebDriver.startSession(RemoteWebDriver.java:219)
	at org.openqa.selenium.remote.RemoteWebDriver.&lt;init&gt;(RemoteWebDriver.java:142)
	at org.openqa.selenium.chrome.ChromeDriver.&lt;init&gt;(ChromeDriver.java:181)
	at org.openqa.selenium.chrome.ChromeDriver.&lt;init&gt;(ChromeDriver.java:168)
	at org.openqa.selenium.chrome.ChromeDriver.&lt;init&gt;(ChromeDriver.java:123)
	at theInternetTestNG.JavaScriptAlertTestNG.Navigate(JavaScriptAlertTestNG.java:29)
Caused by: org.openqa.selenium.net.UrlChecker$TimeoutException: Timed out waiting for [http://localhost:24391/status] to be available after 20003 ms
	at org.openqa.selenium.net.UrlChecker.waitUntilAvailable(UrlChecker.java:100)
	at org.openqa.selenium.remote.service.DriverService.waitUntilAvailable(DriverService.java:187)
	... 43 more
Caused by: java.util.concurrent.TimeoutException
	at java.util.concurrent.FutureTask.get(FutureTask.java:205)
	at com.google.common.util.concurrent.SimpleTimeLimiter.callWithTimeout(SimpleTimeLimiter.java:147)
	at org.openqa.selenium.net.UrlChecker.waitUntilAvailable(UrlChecker.java:75)
	... 44 more
... Removed 34 stack frames</div></td></tr></table><p class="totop"><a href="#summary">back to summary</a></p>
<h3 id="m9">theInternetTestNG.JavaScriptAlertTestNG#test</h3><table class="result"><tr><th>Exception</th></tr><tr><td><div class="stacktrace">java.lang.NullPointerException
	at org.openqa.selenium.support.pagefactory.DefaultElementLocator.findElement(DefaultElementLocator.java:69)
	at org.openqa.selenium.support.pagefactory.internal.LocatingElementHandler.invoke(LocatingElementHandler.java:38)
	at com.sun.proxy.$Proxy7.click(Unknown Source)
	at pageObjectModel.Home.clickJavaScriptAlerts(Home.java:85)
	at theInternetTestNG.JavaScriptAlertTestNG.test(JavaScriptAlertTestNG.java:37)
... Removed 34 stack frames</div></td></tr></table><p class="totop"><a href="#summary">back to summary</a></p>
<h2>Test5</h2><h3 id="m10">theInternetTestNG.HoversTestNG#Navigate</h3><table class="result"><tr><th class="invisible"/></tr></table><p class="totop"><a href="#summary">back to summary</a></p>
<h3 id="m11">theInternetTestNG.HoversTestNG#test</h3><table class="result"><tr><th class="invisible"/></tr></table><p class="totop"><a href="#summary">back to summary</a></p>
<h2>Test6</h2><h3 id="m12">theInternetTestNG.DropDownTestNG#Navigate</h3><table class="result"><tr><th class="invisible"/></tr></table><p class="totop"><a href="#summary">back to summary</a></p>
<h3 id="m13">theInternetTestNG.DropDownTestNG#test</h3><table class="result"><tr><th class="invisible"/></tr></table><p class="totop"><a href="#summary">back to summary</a></p>
<h2>Test7</h2><h3 id="m14">theInternetTestNG.DynamicControlTestNG#Navigate</h3><table class="result"><tr><th class="invisible"/></tr></table><p class="totop"><a href="#summary">back to summary</a></p>
<h3 id="m15">theInternetTestNG.DynamicControlTestNG#test</h3><table class="result"><tr><th class="invisible"/></tr></table><p class="totop"><a href="#summary">back to summary</a></p>
<h2>Test8</h2><h3 id="m16">theInternetTestNG.BasicAuthTestNG#Navigate</h3><table class="result"><tr><th>Exception</th></tr><tr><td><div class="stacktrace">org.openqa.selenium.WebDriverException: Timed out waiting for driver server to start.
Build info: version: &apos;3.8.1&apos;, revision: &apos;6e95a6684b&apos;, time: &apos;2017-12-01T18:33:54.468Z&apos;
System info: host: &apos;GSWD-WIGBAL&apos;, ip: &apos;10.238.242.140&apos;, os.name: &apos;Windows 10&apos;, os.arch: &apos;amd64&apos;, os.version: &apos;10.0&apos;, java.version: &apos;1.8.0_151&apos;
Driver info: driver.version: ChromeDriver
	at org.openqa.selenium.remote.service.DriverService.waitUntilAvailable(DriverService.java:192)
	at org.openqa.selenium.remote.service.DriverService.start(DriverService.java:178)
	at org.openqa.selenium.remote.service.DriverCommandExecutor.execute(DriverCommandExecutor.java:79)
	at org.openqa.selenium.remote.RemoteWebDriver.execute(RemoteWebDriver.java:601)
	at org.openqa.selenium.remote.RemoteWebDriver.startSession(RemoteWebDriver.java:219)
	at org.openqa.selenium.remote.RemoteWebDriver.&lt;init&gt;(RemoteWebDriver.java:142)
	at org.openqa.selenium.chrome.ChromeDriver.&lt;init&gt;(ChromeDriver.java:181)
	at org.openqa.selenium.chrome.ChromeDriver.&lt;init&gt;(ChromeDriver.java:168)
	at org.openqa.selenium.chrome.ChromeDriver.&lt;init&gt;(ChromeDriver.java:123)
	at theInternetTestNG.BasicAuthTestNG.Navigate(BasicAuthTestNG.java:26)
Caused by: org.openqa.selenium.net.UrlChecker$TimeoutException: Timed out waiting for [http://localhost:45855/status] to be available after 20010 ms
	at org.openqa.selenium.net.UrlChecker.waitUntilAvailable(UrlChecker.java:100)
	at org.openqa.selenium.remote.service.DriverService.waitUntilAvailable(DriverService.java:187)
	... 43 more
Caused by: java.util.concurrent.TimeoutException
	at java.util.concurrent.FutureTask.get(FutureTask.java:205)
	at com.google.common.util.concurrent.SimpleTimeLimiter.callWithTimeout(SimpleTimeLimiter.java:147)
	at org.openqa.selenium.net.UrlChecker.waitUntilAvailable(UrlChecker.java:75)
	... 44 more
... Removed 34 stack frames</div></td></tr></table><p class="totop"><a href="#summary">back to summary</a></p>
<h3 id="m17">theInternetTestNG.BasicAuthTestNG#test</h3><table class="result"><tr><th>Exception</th></tr><tr><td><div class="stacktrace">java.lang.NullPointerException
	at pageObjectModel.Home.insertCred(Home.java:57)
	at theInternetTestNG.BasicAuthTestNG.test(BasicAuthTestNG.java:34)
... Removed 34 stack frames</div></td></tr></table><p class="totop"><a href="#summary">back to summary</a></p>
</body>
</html>
