<?xml version="1.0" encoding="UTF-8"?>
<testng-results skipped="0" failed="4" ignored="0" total="18" passed="14">
  <reporter-output>
  </reporter-output>
  <suite name="Suite" duration-ms="307700" started-at="2017-12-11T21:11:18Z" finished-at="2017-12-11T21:16:26Z">
    <groups>
    </groups>
    <test name="Test" duration-ms="67240" started-at="2017-12-11T21:11:18Z" finished-at="2017-12-11T21:12:25Z">
      <class name="theInternetTestNG.CheckboxesTestNG">
        <test-method status="PASS" signature="pathConnection()[pri:0, instance:theInternetTestNG.CheckboxesTestNG@79698539]" name="pathConnection" is-config="true" duration-ms="33" started-at="2017-12-11T16:11:18Z" finished-at="2017-12-11T16:11:18Z">
          <reporter-output>
          </reporter-output>
        </test-method> <!-- pathConnection -->
        <test-method status="PASS" signature="Navigate()[pri:0, instance:theInternetTestNG.CheckboxesTestNG@79698539]" name="Navigate" duration-ms="46276" started-at="2017-12-11T16:11:18Z" finished-at="2017-12-11T16:12:04Z">
          <reporter-output>
          </reporter-output>
        </test-method> <!-- Navigate -->
        <test-method status="PASS" signature="test()[pri:0, instance:theInternetTestNG.CheckboxesTestNG@79698539]" name="test" duration-ms="20750" started-at="2017-12-11T16:12:04Z" finished-at="2017-12-11T16:12:25Z">
          <reporter-output>
          </reporter-output>
        </test-method> <!-- test -->
      </class> <!-- theInternetTestNG.CheckboxesTestNG -->
    </test> <!-- Test -->
    <test name="Test1" duration-ms="30924" started-at="2017-12-11T21:12:26Z" finished-at="2017-12-11T21:12:57Z">
      <class name="theInternetTestNG.ForgotPasswordTestNG">
        <test-method status="PASS" signature="Navigate()[pri:0, instance:theInternetTestNG.ForgotPasswordTestNG@15975490]" name="Navigate" duration-ms="13887" started-at="2017-12-11T16:12:26Z" finished-at="2017-12-11T16:12:40Z">
          <reporter-output>
          </reporter-output>
        </test-method> <!-- Navigate -->
        <test-method status="PASS" signature="pathConnection()[pri:0, instance:theInternetTestNG.ForgotPasswordTestNG@15975490]" name="pathConnection" is-config="true" duration-ms="0" started-at="2017-12-11T16:12:26Z" finished-at="2017-12-11T16:12:26Z">
          <reporter-output>
          </reporter-output>
        </test-method> <!-- pathConnection -->
        <test-method status="PASS" signature="test()[pri:0, instance:theInternetTestNG.ForgotPasswordTestNG@15975490]" name="test" duration-ms="17037" started-at="2017-12-11T16:12:40Z" finished-at="2017-12-11T16:12:57Z">
          <reporter-output>
          </reporter-output>
        </test-method> <!-- test -->
      </class> <!-- theInternetTestNG.ForgotPasswordTestNG -->
    </test> <!-- Test1 -->
    <test name="Test2" duration-ms="30824" started-at="2017-12-11T21:12:57Z" finished-at="2017-12-11T21:13:28Z">
      <class name="theInternetTestNG.DynamicLoadingTestNG">
        <test-method status="PASS" signature="pathConnection()[pri:0, instance:theInternetTestNG.DynamicLoadingTestNG@617c74e5]" name="pathConnection" is-config="true" duration-ms="0" started-at="2017-12-11T16:12:57Z" finished-at="2017-12-11T16:12:57Z">
          <reporter-output>
          </reporter-output>
        </test-method> <!-- pathConnection -->
        <test-method status="PASS" signature="Navigate()[pri:0, instance:theInternetTestNG.DynamicLoadingTestNG@617c74e5]" name="Navigate" duration-ms="14752" started-at="2017-12-11T16:12:57Z" finished-at="2017-12-11T16:13:12Z">
          <reporter-output>
          </reporter-output>
        </test-method> <!-- Navigate -->
        <test-method status="PASS" signature="test()[pri:0, instance:theInternetTestNG.DynamicLoadingTestNG@617c74e5]" name="test" duration-ms="16055" started-at="2017-12-11T16:13:12Z" finished-at="2017-12-11T16:13:28Z">
          <reporter-output>
          </reporter-output>
        </test-method> <!-- test -->
      </class> <!-- theInternetTestNG.DynamicLoadingTestNG -->
    </test> <!-- Test2 -->
    <test name="Test3" duration-ms="51619" started-at="2017-12-11T21:13:28Z" finished-at="2017-12-11T21:14:20Z">
      <class name="theInternetTestNG.FramesTestNG">
        <test-method status="PASS" signature="Navigate()[pri:0, instance:theInternetTestNG.FramesTestNG@54a097cc]" name="Navigate" duration-ms="20491" started-at="2017-12-11T16:13:28Z" finished-at="2017-12-11T16:13:49Z">
          <reporter-output>
          </reporter-output>
        </test-method> <!-- Navigate -->
        <test-method status="PASS" signature="pathConnection()[pri:0, instance:theInternetTestNG.FramesTestNG@54a097cc]" name="pathConnection" is-config="true" duration-ms="0" started-at="2017-12-11T16:13:28Z" finished-at="2017-12-11T16:13:28Z">
          <reporter-output>
          </reporter-output>
        </test-method> <!-- pathConnection -->
        <test-method status="PASS" signature="test()[pri:0, instance:theInternetTestNG.FramesTestNG@54a097cc]" name="test" duration-ms="31128" started-at="2017-12-11T16:13:49Z" finished-at="2017-12-11T16:14:20Z">
          <reporter-output>
          </reporter-output>
        </test-method> <!-- test -->
      </class> <!-- theInternetTestNG.FramesTestNG -->
    </test> <!-- Test3 -->
    <test name="Test4" duration-ms="20186" started-at="2017-12-11T21:14:23Z" finished-at="2017-12-11T21:14:43Z">
      <class name="theInternetTestNG.JavaScriptAlertTestNG">
        <test-method status="FAIL" signature="Navigate()[pri:0, instance:theInternetTestNG.JavaScriptAlertTestNG@2c9f9fb0]" name="Navigate" duration-ms="20033" started-at="2017-12-11T16:14:23Z" finished-at="2017-12-11T16:14:43Z">
          <exception class="org.openqa.selenium.WebDriverException">
            <message>
              <![CDATA[Timed out waiting for driver server to start.Build info: version: '3.8.1', revision: '6e95a6684b', time: '2017-12-01T18:33:54.468Z'System info: host: 'GSWD-WIGBAL', ip: '10.238.242.140', os.name: 'Windows 10', os.arch: 'amd64', os.version: '10.0', java.version: '1.8.0_151'Driver info: driver.version: ChromeDriver]]>
            </message>
            <full-stacktrace>
              <![CDATA[org.openqa.selenium.WebDriverException: Timed out waiting for driver server to start.Build info: version: '3.8.1', revision: '6e95a6684b', time: '2017-12-01T18:33:54.468Z'System info: host: 'GSWD-WIGBAL', ip: '10.238.242.140', os.name: 'Windows 10', os.arch: 'amd64', os.version: '10.0', java.version: '1.8.0_151'Driver info: driver.version: ChromeDriverat org.openqa.selenium.remote.service.DriverService.waitUntilAvailable(DriverService.java:192)at org.openqa.selenium.remote.service.DriverService.start(DriverService.java:178)at org.openqa.selenium.remote.service.DriverCommandExecutor.execute(DriverCommandExecutor.java:79)at org.openqa.selenium.remote.RemoteWebDriver.execute(RemoteWebDriver.java:601)at org.openqa.selenium.remote.RemoteWebDriver.startSession(RemoteWebDriver.java:219)at org.openqa.selenium.remote.RemoteWebDriver.<init>(RemoteWebDriver.java:142)at org.openqa.selenium.chrome.ChromeDriver.<init>(ChromeDriver.java:181)at org.openqa.selenium.chrome.ChromeDriver.<init>(ChromeDriver.java:168)at org.openqa.selenium.chrome.ChromeDriver.<init>(ChromeDriver.java:123)at theInternetTestNG.JavaScriptAlertTestNG.Navigate(JavaScriptAlertTestNG.java:29)at sun.reflect.NativeMethodAccessorImpl.invoke0(Native Method)at sun.reflect.NativeMethodAccessorImpl.invoke(NativeMethodAccessorImpl.java:62)at sun.reflect.DelegatingMethodAccessorImpl.invoke(DelegatingMethodAccessorImpl.java:43)at java.lang.reflect.Method.invoke(Method.java:498)at org.testng.internal.MethodInvocationHelper.invokeMethod(MethodInvocationHelper.java:124)at org.testng.internal.Invoker.invokeMethod(Invoker.java:571)at org.testng.internal.Invoker.invokeTestMethod(Invoker.java:707)at org.testng.internal.Invoker.invokeTestMethods(Invoker.java:979)at org.testng.internal.TestMethodWorker.invokeTestMethods(TestMethodWorker.java:125)at org.testng.internal.TestMethodWorker.run(TestMethodWorker.java:109)at org.testng.TestRunner.privateRun(TestRunner.java:648)at org.testng.TestRunner.run(TestRunner.java:505)at org.testng.SuiteRunner.runTest(SuiteRunner.java:455)at org.testng.SuiteRunner.runSequentially(SuiteRunner.java:450)at org.testng.SuiteRunner.privateRun(SuiteRunner.java:415)at org.testng.SuiteRunner.run(SuiteRunner.java:364)at org.testng.SuiteRunnerWorker.runSuite(SuiteRunnerWorker.java:52)at org.testng.SuiteRunnerWorker.run(SuiteRunnerWorker.java:84)at org.testng.TestNG.runSuitesSequentially(TestNG.java:1187)at org.testng.TestNG.runSuitesLocally(TestNG.java:1116)at org.testng.TestNG.runSuites(TestNG.java:1028)at org.testng.TestNG.run(TestNG.java:996)at org.apache.maven.surefire.testng.TestNGExecutor.run(TestNGExecutor.java:177)at org.apache.maven.surefire.testng.TestNGXmlTestSuite.execute(TestNGXmlTestSuite.java:92)at org.apache.maven.surefire.testng.TestNGProvider.invoke(TestNGProvider.java:105)at sun.reflect.NativeMethodAccessorImpl.invoke0(Native Method)at sun.reflect.NativeMethodAccessorImpl.invoke(NativeMethodAccessorImpl.java:62)at sun.reflect.DelegatingMethodAccessorImpl.invoke(DelegatingMethodAccessorImpl.java:43)at java.lang.reflect.Method.invoke(Method.java:498)at org.apache.maven.surefire.util.ReflectionUtils.invokeMethodWithArray(ReflectionUtils.java:189)at org.apache.maven.surefire.booter.ProviderFactory$ProviderProxy.invoke(ProviderFactory.java:165)at org.apache.maven.surefire.booter.ProviderFactory.invokeProvider(ProviderFactory.java:85)at org.apache.maven.surefire.booter.ForkedBooter.runSuitesInProcess(ForkedBooter.java:103)at org.apache.maven.surefire.booter.ForkedBooter.main(ForkedBooter.java:74)Caused by: org.openqa.selenium.net.UrlChecker$TimeoutException: Timed out waiting for [http://localhost:24391/status] to be available after 20003 msat org.openqa.selenium.net.UrlChecker.waitUntilAvailable(UrlChecker.java:100)at org.openqa.selenium.remote.service.DriverService.waitUntilAvailable(DriverService.java:187)... 43 moreCaused by: java.util.concurrent.TimeoutExceptionat java.util.concurrent.FutureTask.get(FutureTask.java:205)at com.google.common.util.concurrent.SimpleTimeLimiter.callWithTimeout(SimpleTimeLimiter.java:147)at org.openqa.selenium.net.UrlChecker.waitUntilAvailable(UrlChecker.java:75)... 44 more]]>
            </full-stacktrace>
          </exception> <!-- org.openqa.selenium.WebDriverException -->
          <reporter-output>
          </reporter-output>
        </test-method> <!-- Navigate -->
        <test-method status="PASS" signature="pathConnection()[pri:0, instance:theInternetTestNG.JavaScriptAlertTestNG@2c9f9fb0]" name="pathConnection" is-config="true" duration-ms="0" started-at="2017-12-11T16:14:23Z" finished-at="2017-12-11T16:14:23Z">
          <reporter-output>
          </reporter-output>
        </test-method> <!-- pathConnection -->
        <test-method status="FAIL" signature="test()[pri:0, instance:theInternetTestNG.JavaScriptAlertTestNG@2c9f9fb0]" name="test" duration-ms="0" started-at="2017-12-11T16:14:43Z" finished-at="2017-12-11T16:14:43Z">
          <exception class="java.lang.NullPointerException">
            <full-stacktrace>
              <![CDATA[java.lang.NullPointerExceptionat org.openqa.selenium.support.pagefactory.DefaultElementLocator.findElement(DefaultElementLocator.java:69)at org.openqa.selenium.support.pagefactory.internal.LocatingElementHandler.invoke(LocatingElementHandler.java:38)at com.sun.proxy.$Proxy7.click(Unknown Source)at pageObjectModel.Home.clickJavaScriptAlerts(Home.java:85)at theInternetTestNG.JavaScriptAlertTestNG.test(JavaScriptAlertTestNG.java:37)at sun.reflect.NativeMethodAccessorImpl.invoke0(Native Method)at sun.reflect.NativeMethodAccessorImpl.invoke(NativeMethodAccessorImpl.java:62)at sun.reflect.DelegatingMethodAccessorImpl.invoke(DelegatingMethodAccessorImpl.java:43)at java.lang.reflect.Method.invoke(Method.java:498)at org.testng.internal.MethodInvocationHelper.invokeMethod(MethodInvocationHelper.java:124)at org.testng.internal.Invoker.invokeMethod(Invoker.java:571)at org.testng.internal.Invoker.invokeTestMethod(Invoker.java:707)at org.testng.internal.Invoker.invokeTestMethods(Invoker.java:979)at org.testng.internal.TestMethodWorker.invokeTestMethods(TestMethodWorker.java:125)at org.testng.internal.TestMethodWorker.run(TestMethodWorker.java:109)at org.testng.TestRunner.privateRun(TestRunner.java:648)at org.testng.TestRunner.run(TestRunner.java:505)at org.testng.SuiteRunner.runTest(SuiteRunner.java:455)at org.testng.SuiteRunner.runSequentially(SuiteRunner.java:450)at org.testng.SuiteRunner.privateRun(SuiteRunner.java:415)at org.testng.SuiteRunner.run(SuiteRunner.java:364)at org.testng.SuiteRunnerWorker.runSuite(SuiteRunnerWorker.java:52)at org.testng.SuiteRunnerWorker.run(SuiteRunnerWorker.java:84)at org.testng.TestNG.runSuitesSequentially(TestNG.java:1187)at org.testng.TestNG.runSuitesLocally(TestNG.java:1116)at org.testng.TestNG.runSuites(TestNG.java:1028)at org.testng.TestNG.run(TestNG.java:996)at org.apache.maven.surefire.testng.TestNGExecutor.run(TestNGExecutor.java:177)at org.apache.maven.surefire.testng.TestNGXmlTestSuite.execute(TestNGXmlTestSuite.java:92)at org.apache.maven.surefire.testng.TestNGProvider.invoke(TestNGProvider.java:105)at sun.reflect.NativeMethodAccessorImpl.invoke0(Native Method)at sun.reflect.NativeMethodAccessorImpl.invoke(NativeMethodAccessorImpl.java:62)at sun.reflect.DelegatingMethodAccessorImpl.invoke(DelegatingMethodAccessorImpl.java:43)at java.lang.reflect.Method.invoke(Method.java:498)at org.apache.maven.surefire.util.ReflectionUtils.invokeMethodWithArray(ReflectionUtils.java:189)at org.apache.maven.surefire.booter.ProviderFactory$ProviderProxy.invoke(ProviderFactory.java:165)at org.apache.maven.surefire.booter.ProviderFactory.invokeProvider(ProviderFactory.java:85)at org.apache.maven.surefire.booter.ForkedBooter.runSuitesInProcess(ForkedBooter.java:103)at org.apache.maven.surefire.booter.ForkedBooter.main(ForkedBooter.java:74)]]>
            </full-stacktrace>
          </exception> <!-- java.lang.NullPointerException -->
          <reporter-output>
          </reporter-output>
        </test-method> <!-- test -->
      </class> <!-- theInternetTestNG.JavaScriptAlertTestNG -->
    </test> <!-- Test4 -->
    <test name="Test5" duration-ms="24765" started-at="2017-12-11T21:14:43Z" finished-at="2017-12-11T21:15:08Z">
      <class name="theInternetTestNG.HoversTestNG">
        <test-method status="PASS" signature="Navigate()[pri:0, instance:theInternetTestNG.HoversTestNG@2cb4c3ab]" name="Navigate" duration-ms="21966" started-at="2017-12-11T16:14:43Z" finished-at="2017-12-11T16:15:05Z">
          <reporter-output>
          </reporter-output>
        </test-method> <!-- Navigate -->
        <test-method status="PASS" signature="pathConnection()[pri:0, instance:theInternetTestNG.HoversTestNG@2cb4c3ab]" name="pathConnection" is-config="true" duration-ms="0" started-at="2017-12-11T16:14:43Z" finished-at="2017-12-11T16:14:43Z">
          <reporter-output>
          </reporter-output>
        </test-method> <!-- pathConnection -->
        <test-method status="PASS" signature="test()[pri:0, instance:theInternetTestNG.HoversTestNG@2cb4c3ab]" name="test" duration-ms="2797" started-at="2017-12-11T16:15:05Z" finished-at="2017-12-11T16:15:08Z">
          <reporter-output>
          </reporter-output>
        </test-method> <!-- test -->
      </class> <!-- theInternetTestNG.HoversTestNG -->
    </test> <!-- Test5 -->
    <test name="Test6" duration-ms="27448" started-at="2017-12-11T21:15:08Z" finished-at="2017-12-11T21:15:36Z">
      <class name="theInternetTestNG.DropDownTestNG">
        <test-method status="PASS" signature="pathConnection()[pri:0, instance:theInternetTestNG.DropDownTestNG@7f560810]" name="pathConnection" is-config="true" duration-ms="0" started-at="2017-12-11T16:15:08Z" finished-at="2017-12-11T16:15:08Z">
          <reporter-output>
          </reporter-output>
        </test-method> <!-- pathConnection -->
        <test-method status="PASS" signature="Navigate()[pri:0, instance:theInternetTestNG.DropDownTestNG@7f560810]" name="Navigate" duration-ms="22281" started-at="2017-12-11T16:15:08Z" finished-at="2017-12-11T16:15:31Z">
          <reporter-output>
          </reporter-output>
        </test-method> <!-- Navigate -->
        <test-method status="PASS" signature="test()[pri:0, instance:theInternetTestNG.DropDownTestNG@7f560810]" name="test" duration-ms="5166" started-at="2017-12-11T16:15:31Z" finished-at="2017-12-11T16:15:36Z">
          <reporter-output>
          </reporter-output>
        </test-method> <!-- test -->
      </class> <!-- theInternetTestNG.DropDownTestNG -->
    </test> <!-- Test6 -->
    <test name="Test7" duration-ms="28208" started-at="2017-12-11T21:15:36Z" finished-at="2017-12-11T21:16:04Z">
      <class name="theInternetTestNG.DynamicControlTestNG">
        <test-method status="PASS" signature="pathConnection()[pri:0, instance:theInternetTestNG.DynamicControlTestNG@7946e1f4]" name="pathConnection" is-config="true" duration-ms="0" started-at="2017-12-11T16:15:36Z" finished-at="2017-12-11T16:15:36Z">
          <reporter-output>
          </reporter-output>
        </test-method> <!-- pathConnection -->
        <test-method status="PASS" signature="Navigate()[pri:0, instance:theInternetTestNG.DynamicControlTestNG@7946e1f4]" name="Navigate" duration-ms="22321" started-at="2017-12-11T16:15:36Z" finished-at="2017-12-11T16:15:58Z">
          <reporter-output>
          </reporter-output>
        </test-method> <!-- Navigate -->
        <test-method status="PASS" signature="test()[pri:0, instance:theInternetTestNG.DynamicControlTestNG@7946e1f4]" name="test" duration-ms="5886" started-at="2017-12-11T16:15:58Z" finished-at="2017-12-11T16:16:04Z">
          <reporter-output>
          </reporter-output>
        </test-method> <!-- test -->
      </class> <!-- theInternetTestNG.DynamicControlTestNG -->
    </test> <!-- Test7 -->
    <test name="Test8" duration-ms="20076" started-at="2017-12-11T21:16:05Z" finished-at="2017-12-11T21:16:26Z">
      <class name="theInternetTestNG.BasicAuthTestNG">
        <test-method status="PASS" signature="pathConnection()[pri:0, instance:theInternetTestNG.BasicAuthTestNG@6574b225]" name="pathConnection" is-config="true" duration-ms="0" started-at="2017-12-11T16:16:05Z" finished-at="2017-12-11T16:16:05Z">
          <reporter-output>
          </reporter-output>
        </test-method> <!-- pathConnection -->
        <test-method status="FAIL" signature="Navigate()[pri:0, instance:theInternetTestNG.BasicAuthTestNG@6574b225]" name="Navigate" duration-ms="20075" started-at="2017-12-11T16:16:05Z" finished-at="2017-12-11T16:16:26Z">
          <exception class="org.openqa.selenium.WebDriverException">
            <message>
              <![CDATA[Timed out waiting for driver server to start.Build info: version: '3.8.1', revision: '6e95a6684b', time: '2017-12-01T18:33:54.468Z'System info: host: 'GSWD-WIGBAL', ip: '10.238.242.140', os.name: 'Windows 10', os.arch: 'amd64', os.version: '10.0', java.version: '1.8.0_151'Driver info: driver.version: ChromeDriver]]>
            </message>
            <full-stacktrace>
              <![CDATA[org.openqa.selenium.WebDriverException: Timed out waiting for driver server to start.Build info: version: '3.8.1', revision: '6e95a6684b', time: '2017-12-01T18:33:54.468Z'System info: host: 'GSWD-WIGBAL', ip: '10.238.242.140', os.name: 'Windows 10', os.arch: 'amd64', os.version: '10.0', java.version: '1.8.0_151'Driver info: driver.version: ChromeDriverat org.openqa.selenium.remote.service.DriverService.waitUntilAvailable(DriverService.java:192)at org.openqa.selenium.remote.service.DriverService.start(DriverService.java:178)at org.openqa.selenium.remote.service.DriverCommandExecutor.execute(DriverCommandExecutor.java:79)at org.openqa.selenium.remote.RemoteWebDriver.execute(RemoteWebDriver.java:601)at org.openqa.selenium.remote.RemoteWebDriver.startSession(RemoteWebDriver.java:219)at org.openqa.selenium.remote.RemoteWebDriver.<init>(RemoteWebDriver.java:142)at org.openqa.selenium.chrome.ChromeDriver.<init>(ChromeDriver.java:181)at org.openqa.selenium.chrome.ChromeDriver.<init>(ChromeDriver.java:168)at org.openqa.selenium.chrome.ChromeDriver.<init>(ChromeDriver.java:123)at theInternetTestNG.BasicAuthTestNG.Navigate(BasicAuthTestNG.java:26)at sun.reflect.NativeMethodAccessorImpl.invoke0(Native Method)at sun.reflect.NativeMethodAccessorImpl.invoke(NativeMethodAccessorImpl.java:62)at sun.reflect.DelegatingMethodAccessorImpl.invoke(DelegatingMethodAccessorImpl.java:43)at java.lang.reflect.Method.invoke(Method.java:498)at org.testng.internal.MethodInvocationHelper.invokeMethod(MethodInvocationHelper.java:124)at org.testng.internal.Invoker.invokeMethod(Invoker.java:571)at org.testng.internal.Invoker.invokeTestMethod(Invoker.java:707)at org.testng.internal.Invoker.invokeTestMethods(Invoker.java:979)at org.testng.internal.TestMethodWorker.invokeTestMethods(TestMethodWorker.java:125)at org.testng.internal.TestMethodWorker.run(TestMethodWorker.java:109)at org.testng.TestRunner.privateRun(TestRunner.java:648)at org.testng.TestRunner.run(TestRunner.java:505)at org.testng.SuiteRunner.runTest(SuiteRunner.java:455)at org.testng.SuiteRunner.runSequentially(SuiteRunner.java:450)at org.testng.SuiteRunner.privateRun(SuiteRunner.java:415)at org.testng.SuiteRunner.run(SuiteRunner.java:364)at org.testng.SuiteRunnerWorker.runSuite(SuiteRunnerWorker.java:52)at org.testng.SuiteRunnerWorker.run(SuiteRunnerWorker.java:84)at org.testng.TestNG.runSuitesSequentially(TestNG.java:1187)at org.testng.TestNG.runSuitesLocally(TestNG.java:1116)at org.testng.TestNG.runSuites(TestNG.java:1028)at org.testng.TestNG.run(TestNG.java:996)at org.apache.maven.surefire.testng.TestNGExecutor.run(TestNGExecutor.java:177)at org.apache.maven.surefire.testng.TestNGXmlTestSuite.execute(TestNGXmlTestSuite.java:92)at org.apache.maven.surefire.testng.TestNGProvider.invoke(TestNGProvider.java:105)at sun.reflect.NativeMethodAccessorImpl.invoke0(Native Method)at sun.reflect.NativeMethodAccessorImpl.invoke(NativeMethodAccessorImpl.java:62)at sun.reflect.DelegatingMethodAccessorImpl.invoke(DelegatingMethodAccessorImpl.java:43)at java.lang.reflect.Method.invoke(Method.java:498)at org.apache.maven.surefire.util.ReflectionUtils.invokeMethodWithArray(ReflectionUtils.java:189)at org.apache.maven.surefire.booter.ProviderFactory$ProviderProxy.invoke(ProviderFactory.java:165)at org.apache.maven.surefire.booter.ProviderFactory.invokeProvider(ProviderFactory.java:85)at org.apache.maven.surefire.booter.ForkedBooter.runSuitesInProcess(ForkedBooter.java:103)at org.apache.maven.surefire.booter.ForkedBooter.main(ForkedBooter.java:74)Caused by: org.openqa.selenium.net.UrlChecker$TimeoutException: Timed out waiting for [http://localhost:45855/status] to be available after 20010 msat org.openqa.selenium.net.UrlChecker.waitUntilAvailable(UrlChecker.java:100)at org.openqa.selenium.remote.service.DriverService.waitUntilAvailable(DriverService.java:187)... 43 moreCaused by: java.util.concurrent.TimeoutExceptionat java.util.concurrent.FutureTask.get(FutureTask.java:205)at com.google.common.util.concurrent.SimpleTimeLimiter.callWithTimeout(SimpleTimeLimiter.java:147)at org.openqa.selenium.net.UrlChecker.waitUntilAvailable(UrlChecker.java:75)... 44 more]]>
            </full-stacktrace>
          </exception> <!-- org.openqa.selenium.WebDriverException -->
          <reporter-output>
          </reporter-output>
        </test-method> <!-- Navigate -->
        <test-method status="FAIL" signature="test()[pri:0, instance:theInternetTestNG.BasicAuthTestNG@6574b225]" name="test" duration-ms="0" started-at="2017-12-11T16:16:26Z" finished-at="2017-12-11T16:16:26Z">
          <exception class="java.lang.NullPointerException">
            <full-stacktrace>
              <![CDATA[java.lang.NullPointerExceptionat pageObjectModel.Home.insertCred(Home.java:57)at theInternetTestNG.BasicAuthTestNG.test(BasicAuthTestNG.java:34)at sun.reflect.NativeMethodAccessorImpl.invoke0(Native Method)at sun.reflect.NativeMethodAccessorImpl.invoke(NativeMethodAccessorImpl.java:62)at sun.reflect.DelegatingMethodAccessorImpl.invoke(DelegatingMethodAccessorImpl.java:43)at java.lang.reflect.Method.invoke(Method.java:498)at org.testng.internal.MethodInvocationHelper.invokeMethod(MethodInvocationHelper.java:124)at org.testng.internal.Invoker.invokeMethod(Invoker.java:571)at org.testng.internal.Invoker.invokeTestMethod(Invoker.java:707)at org.testng.internal.Invoker.invokeTestMethods(Invoker.java:979)at org.testng.internal.TestMethodWorker.invokeTestMethods(TestMethodWorker.java:125)at org.testng.internal.TestMethodWorker.run(TestMethodWorker.java:109)at org.testng.TestRunner.privateRun(TestRunner.java:648)at org.testng.TestRunner.run(TestRunner.java:505)at org.testng.SuiteRunner.runTest(SuiteRunner.java:455)at org.testng.SuiteRunner.runSequentially(SuiteRunner.java:450)at org.testng.SuiteRunner.privateRun(SuiteRunner.java:415)at org.testng.SuiteRunner.run(SuiteRunner.java:364)at org.testng.SuiteRunnerWorker.runSuite(SuiteRunnerWorker.java:52)at org.testng.SuiteRunnerWorker.run(SuiteRunnerWorker.java:84)at org.testng.TestNG.runSuitesSequentially(TestNG.java:1187)at org.testng.TestNG.runSuitesLocally(TestNG.java:1116)at org.testng.TestNG.runSuites(TestNG.java:1028)at org.testng.TestNG.run(TestNG.java:996)at org.apache.maven.surefire.testng.TestNGExecutor.run(TestNGExecutor.java:177)at org.apache.maven.surefire.testng.TestNGXmlTestSuite.execute(TestNGXmlTestSuite.java:92)at org.apache.maven.surefire.testng.TestNGProvider.invoke(TestNGProvider.java:105)at sun.reflect.NativeMethodAccessorImpl.invoke0(Native Method)at sun.reflect.NativeMethodAccessorImpl.invoke(NativeMethodAccessorImpl.java:62)at sun.reflect.DelegatingMethodAccessorImpl.invoke(DelegatingMethodAccessorImpl.java:43)at java.lang.reflect.Method.invoke(Method.java:498)at org.apache.maven.surefire.util.ReflectionUtils.invokeMethodWithArray(ReflectionUtils.java:189)at org.apache.maven.surefire.booter.ProviderFactory$ProviderProxy.invoke(ProviderFactory.java:165)at org.apache.maven.surefire.booter.ProviderFactory.invokeProvider(ProviderFactory.java:85)at org.apache.maven.surefire.booter.ForkedBooter.runSuitesInProcess(ForkedBooter.java:103)at org.apache.maven.surefire.booter.ForkedBooter.main(ForkedBooter.java:74)]]>
            </full-stacktrace>
          </exception> <!-- java.lang.NullPointerException -->
          <reporter-output>
          </reporter-output>
        </test-method> <!-- test -->
      </class> <!-- theInternetTestNG.BasicAuthTestNG -->
    </test> <!-- Test8 -->
  </suite> <!-- Suite -->
</testng-results>
